<?xml version="1.0" encoding="UTF-8"?>
<testsuite name="LoginTests" tests="4" skipped="0" failures="0" errors="0" timestamp="2020-01-13T14:03:08" hostname="DESKTOP-6B368G4" time="1.522">
  <properties/>
  <testcase name="failedLoginSameUsername" classname="LoginTests" time="1.201"/>
  <testcase name="failedLogin" classname="LoginTests" time="0.005"/>
  <testcase name="failedLoginSamePassword" classname="LoginTests" time="0.005"/>
  <testcase name="successfulLogin" classname="LoginTests" time="0.31"/>
  <system-out><![CDATA[]]></system-out>
  <system-err><![CDATA[]]></system-err>
</testsuite>
